<?xml version="1.0" encoding="utf-8"?><testsuites name="pytest tests"><testsuite name="pytest" errors="0" failures="0" skipped="0" tests="7" time="1.639" timestamp="2026-06-19T20:37:45.246642+00:00" hostname="agent-env-83453c6f-1b71-4af9-bab5-c0ad7d958d6a"><testcase classname="backend.tests.backend_test" name="test_root" time="0.401" /><testcase classname="backend.tests.backend_test.TestContactCreate" name="test_create_valid" time="0.114" /><testcase classname="backend.tests.backend_test.TestContactCreate" name="test_create_minimal_only_required" time="0.061" /><testcase classname="backend.tests.backend_test.TestContactCreate" name="test_create_missing_name" time="0.071" /><testcase classname="backend.tests.backend_test.TestContactCreate" name="test_create_missing_contact" time="0.065" /><testcase classname="backend.tests.backend_test.TestContactCreate" name="test_create_missing_fields_422" time="0.057" /><testcase classname="backend.tests.backend_test" name="test_list_contacts_contains_created" time="0.121" /></testsuite></testsuites>